iMPACT Version: Jun  8 2013 12:13:20

iMPACT log file Started on Thu Aug  7 13:41:52 2014

Preference Table
Name                 Setting             
StartupClock         Auto_Correction     
AutoSignature        False               
KeepSVF              False               
ConcurrentMode       False               
UseHighz             False               
ConfigOnFailure      Stop                
UserLevel            Novice              
MessageLevel         Detailed            
svfUseTime           false               
SpiByteSwap          Auto_Correction     
AutoInfer            false               
SvfPlayDisplayComments false               
AutoDetecting cable. Please wait.
*** WARNING ***: When port is set to auto detect mode, cable speed is set todefault 6 MHz regardless of explicit arguments supplied for setting the baudrates
Connecting to cable (Usb Port - USB21).
Checking cable driver.
File version of/afs/slac.stanford.edu/g/reseng/vol14/Xilinx/14.6/ISE_DS/ISE/bin/lin64/xusbdfwu.hex = 1030.
File version of /etc/hotplug/usb/xusbdfwu.fw/xusbdfwu.hex = 1030.
 Using libusb.
 Kernel release = 2.6.32-431.23.3.el6.x86_64.
 Max current requested during enumeration is 300 mA.
Type = 0x0005.
 Cable Type = 3, Revision = 0.
 Setting cable speed to 6 MHz.
Cable connection established.
Firmware version = 2401.
File version of/afs/slac.stanford.edu/g/reseng/vol14/Xilinx/14.6/ISE_DS/ISE/data/xusb_xp2.hex =2401.
Firmware hex file version = 2401.
PLD file version = 200Dh.
 PLD version = 200Dh.
Type = 0x0005.
ESN option: 0000153F8DA201.
Identifying chain contents...'0': : Manufacturer's ID = Xilinx xc5vlx30t, Version : 12
INFO:iMPACT:1777 - 
   Reading   /afs/slac.stanford.edu/g/reseng/vol14/Xilinx/14.6/ISE_DS/ISE/virtex5/data/xc5   vlx30t.bsd...
INFO:iMPACT:501 - '1': Added Device xc5vlx30t successfully.
----------------------------------------------------------------------
----------------------------------------------------------------------
done.
Elapsed time =      0 sec.
Elapsed time =      0 sec.
Elapsed time =      0 sec.
Elapsed time =      0 sec.
'1': Loading file'/afs/slac.stanford.edu/u/eb/kurtisn/projects/epix/devel/firmware/targets/Epix100aTest/images/Epix100aTest_EA000000.bit' ...
done.
INFO:iMPACT:2257 - Startup Clock has been changed to 'JtagClk' in the bitstream   stored in memory,
   but the original bitstream file remains unchanged.
UserID read from the bitstream file = 0xFFFFFFFF.
INFO:iMPACT:501 - '1': Added Device xc5vlx30t successfully.
----------------------------------------------------------------------
----------------------------------------------------------------------
Maximum TCK operating frequency for this device chain: 33000000.
Validating chain...
Boundary-scan chain validated successfully.
1: Device Temperature: Current Reading: -273.00 C
1: VCCINT Supply: Current Reading:   0.000 V
1: VCCAUX Supply: Current Reading:   0.000 V
'1': Programming device...
 Match_cycle = NoWait.
Match cycle: NoWait
 LCK_cycle = NoWait.
LCK cycle: NoWait
done.
INFO:iMPACT:2219 - Status register values:
INFO:iMPACT - 0011 1111 1111 1110 0000 1011 1000 0000 
INFO:iMPACT:579 - '1': Completed downloading bit file to device.
INFO:iMPACT:188 - '1': Programming completed successfully.
 Match_cycle = NoWait.
Match cycle: NoWait
 LCK_cycle = NoWait.
LCK cycle: NoWait
INFO:iMPACT - '1': Checking done pin....done.
'1': Programmed successfully.
Elapsed time =      3 sec.
